<?xml version="1.0" encoding="UTF-8"?>
<testng-results skipped="0" failed="0" total="16" passed="16">
  <reporter-output>
  </reporter-output>
  <suite name="Default suite" duration-ms="84" started-at="2016-10-07T13:35:31Z" finished-at="2016-10-07T13:35:31Z">
    <groups>
    </groups>
    <test name="Default test" duration-ms="84" started-at="2016-10-07T13:35:31Z" finished-at="2016-10-07T13:35:31Z">
      <class name="bwi.prog1B.WS1617.w16b052_Seyer.ExerciseSheet03.tests.BMITest">
        <test-method status="PASS" signature="testMain(java.lang.String, java.lang.String)[pri:0, instance:bwi.prog1B.WS1617.w16b052_Seyer.ExerciseSheet03.tests.BMITest@1e8b406]" name="testMain" duration-ms="13" started-at="2016-10-07T15:35:31Z" description="tests the output of main compared with the awaited output" data-provider="inout" finished-at="2016-10-07T15:35:31Z">
          <params>
            <param index="0">
              <value>
                <![CDATA[121.5
1.96
]]>
              </value>
            </param>
            <param index="1">
              <value>
                <![CDATA[weight [kg]: height [m]: m=121.50kg h=1.96m -> BMI=31.63 (Moderately obese)
]]>
              </value>
            </param>
          </params>
          <reporter-output>
          </reporter-output>
        </test-method> <!-- testMain -->
        <test-method status="PASS" signature="testMain(java.lang.String, java.lang.String)[pri:0, instance:bwi.prog1B.WS1617.w16b052_Seyer.ExerciseSheet03.tests.BMITest@1e8b406]" name="testMain" duration-ms="1" started-at="2016-10-07T15:35:31Z" description="tests the output of main compared with the awaited output" data-provider="inout" finished-at="2016-10-07T15:35:31Z">
          <params>
            <param index="0">
              <value>
                <![CDATA[115.5
1.65
]]>
              </value>
            </param>
            <param index="1">
              <value>
                <![CDATA[weight [kg]: height [m]: m=115.50kg h=1.65m -> BMI=42.42 (Very severely obese)
]]>
              </value>
            </param>
          </params>
          <reporter-output>
          </reporter-output>
        </test-method> <!-- testMain -->
        <test-method status="PASS" signature="testMain(java.lang.String, java.lang.String)[pri:0, instance:bwi.prog1B.WS1617.w16b052_Seyer.ExerciseSheet03.tests.BMITest@1e8b406]" name="testMain" duration-ms="2" started-at="2016-10-07T15:35:31Z" description="tests the output of main compared with the awaited output" data-provider="inout" finished-at="2016-10-07T15:35:31Z">
          <params>
            <param index="0">
              <value>
                <![CDATA[110
1.70
]]>
              </value>
            </param>
            <param index="1">
              <value>
                <![CDATA[weight [kg]: height [m]: m=110.00kg h=1.70m -> BMI=38.06 (Severely obese)
]]>
              </value>
            </param>
          </params>
          <reporter-output>
          </reporter-output>
        </test-method> <!-- testMain -->
        <test-method status="PASS" signature="testMain(java.lang.String, java.lang.String)[pri:0, instance:bwi.prog1B.WS1617.w16b052_Seyer.ExerciseSheet03.tests.BMITest@1e8b406]" name="testMain" duration-ms="1" started-at="2016-10-07T15:35:31Z" description="tests the output of main compared with the awaited output" data-provider="inout" finished-at="2016-10-07T15:35:31Z">
          <params>
            <param index="0">
              <value>
                <![CDATA[95
1.70
]]>
              </value>
            </param>
            <param index="1">
              <value>
                <![CDATA[weight [kg]: height [m]: m=95.00kg h=1.70m -> BMI=32.87 (Moderately obese)
]]>
              </value>
            </param>
          </params>
          <reporter-output>
          </reporter-output>
        </test-method> <!-- testMain -->
        <test-method status="PASS" signature="testMain(java.lang.String, java.lang.String)[pri:0, instance:bwi.prog1B.WS1617.w16b052_Seyer.ExerciseSheet03.tests.BMITest@1e8b406]" name="testMain" duration-ms="2" started-at="2016-10-07T15:35:31Z" description="tests the output of main compared with the awaited output" data-provider="inout" finished-at="2016-10-07T15:35:31Z">
          <params>
            <param index="0">
              <value>
                <![CDATA[90
1.80
]]>
              </value>
            </param>
            <param index="1">
              <value>
                <![CDATA[weight [kg]: height [m]: m=90.00kg h=1.80m -> BMI=27.78 (Overweight)
]]>
              </value>
            </param>
          </params>
          <reporter-output>
          </reporter-output>
        </test-method> <!-- testMain -->
        <test-method status="PASS" signature="testMain(java.lang.String, java.lang.String)[pri:0, instance:bwi.prog1B.WS1617.w16b052_Seyer.ExerciseSheet03.tests.BMITest@1e8b406]" name="testMain" duration-ms="1" started-at="2016-10-07T15:35:31Z" description="tests the output of main compared with the awaited output" data-provider="inout" finished-at="2016-10-07T15:35:31Z">
          <params>
            <param index="0">
              <value>
                <![CDATA[70
1.80
]]>
              </value>
            </param>
            <param index="1">
              <value>
                <![CDATA[weight [kg]: height [m]: m=70.00kg h=1.80m -> BMI=21.60 (Normal)
]]>
              </value>
            </param>
          </params>
          <reporter-output>
          </reporter-output>
        </test-method> <!-- testMain -->
        <test-method status="PASS" signature="testMain(java.lang.String, java.lang.String)[pri:0, instance:bwi.prog1B.WS1617.w16b052_Seyer.ExerciseSheet03.tests.BMITest@1e8b406]" name="testMain" duration-ms="5" started-at="2016-10-07T15:35:31Z" description="tests the output of main compared with the awaited output" data-provider="inout" finished-at="2016-10-07T15:35:31Z">
          <params>
            <param index="0">
              <value>
                <![CDATA[50
1.70
]]>
              </value>
            </param>
            <param index="1">
              <value>
                <![CDATA[weight [kg]: height [m]: m=50.00kg h=1.70m -> BMI=17.30 (Underweight)
]]>
              </value>
            </param>
          </params>
          <reporter-output>
          </reporter-output>
        </test-method> <!-- testMain -->
        <test-method status="PASS" signature="testMain(java.lang.String, java.lang.String)[pri:0, instance:bwi.prog1B.WS1617.w16b052_Seyer.ExerciseSheet03.tests.BMITest@1e8b406]" name="testMain" duration-ms="1" started-at="2016-10-07T15:35:31Z" description="tests the output of main compared with the awaited output" data-provider="inout" finished-at="2016-10-07T15:35:31Z">
          <params>
            <param index="0">
              <value>
                <![CDATA[50
1.80
]]>
              </value>
            </param>
            <param index="1">
              <value>
                <![CDATA[weight [kg]: height [m]: m=50.00kg h=1.80m -> BMI=15.43 (Severely underweight)
]]>
              </value>
            </param>
          </params>
          <reporter-output>
          </reporter-output>
        </test-method> <!-- testMain -->
        <test-method status="PASS" signature="testMain(java.lang.String, java.lang.String)[pri:0, instance:bwi.prog1B.WS1617.w16b052_Seyer.ExerciseSheet03.tests.BMITest@1e8b406]" name="testMain" duration-ms="1" started-at="2016-10-07T15:35:31Z" description="tests the output of main compared with the awaited output" data-provider="inout" finished-at="2016-10-07T15:35:31Z">
          <params>
            <param index="0">
              <value>
                <![CDATA[50
1.75
]]>
              </value>
            </param>
            <param index="1">
              <value>
                <![CDATA[weight [kg]: height [m]: m=50.00kg h=1.75m -> BMI=16.33 (Underweight)
]]>
              </value>
            </param>
          </params>
          <reporter-output>
          </reporter-output>
        </test-method> <!-- testMain -->
        <test-method status="PASS" signature="testMain(java.lang.String, java.lang.String)[pri:0, instance:bwi.prog1B.WS1617.w16b052_Seyer.ExerciseSheet03.tests.BMITest@1e8b406]" name="testMain" duration-ms="2" started-at="2016-10-07T15:35:31Z" description="tests the output of main compared with the awaited output" data-provider="inout" finished-at="2016-10-07T15:35:31Z">
          <params>
            <param index="0">
              <value>
                <![CDATA[0
1.75
]]>
              </value>
            </param>
            <param index="1">
              <value>
                <![CDATA[weight [kg]: height [m]: m=0.00kg h=1.75m -> BMI=-1.00 (invalid)
]]>
              </value>
            </param>
          </params>
          <reporter-output>
          </reporter-output>
        </test-method> <!-- testMain -->
        <test-method status="PASS" signature="testMain(java.lang.String, java.lang.String)[pri:0, instance:bwi.prog1B.WS1617.w16b052_Seyer.ExerciseSheet03.tests.BMITest@1e8b406]" name="testMain" duration-ms="1" started-at="2016-10-07T15:35:31Z" description="tests the output of main compared with the awaited output" data-provider="inout" finished-at="2016-10-07T15:35:31Z">
          <params>
            <param index="0">
              <value>
                <![CDATA[70
0
]]>
              </value>
            </param>
            <param index="1">
              <value>
                <![CDATA[weight [kg]: height [m]: m=70.00kg h=0.00m -> BMI=-1.00 (invalid)
]]>
              </value>
            </param>
          </params>
          <reporter-output>
          </reporter-output>
        </test-method> <!-- testMain -->
        <test-method status="PASS" signature="testMain(java.lang.String, java.lang.String)[pri:0, instance:bwi.prog1B.WS1617.w16b052_Seyer.ExerciseSheet03.tests.BMITest@1e8b406]" name="testMain" duration-ms="1" started-at="2016-10-07T15:35:31Z" description="tests the output of main compared with the awaited output" data-provider="inout" finished-at="2016-10-07T15:35:31Z">
          <params>
            <param index="0">
              <value>
                <![CDATA[39.9
1.70
]]>
              </value>
            </param>
            <param index="1">
              <value>
                <![CDATA[weight [kg]: height [m]: m=39.90kg h=1.70m -> BMI=-1.00 (invalid)
]]>
              </value>
            </param>
          </params>
          <reporter-output>
          </reporter-output>
        </test-method> <!-- testMain -->
        <test-method status="PASS" signature="testMain(java.lang.String, java.lang.String)[pri:0, instance:bwi.prog1B.WS1617.w16b052_Seyer.ExerciseSheet03.tests.BMITest@1e8b406]" name="testMain" duration-ms="1" started-at="2016-10-07T15:35:31Z" description="tests the output of main compared with the awaited output" data-provider="inout" finished-at="2016-10-07T15:35:31Z">
          <params>
            <param index="0">
              <value>
                <![CDATA[40.0
1.70
]]>
              </value>
            </param>
            <param index="1">
              <value>
                <![CDATA[weight [kg]: height [m]: m=40.00kg h=1.70m -> BMI=13.84 (Very severely underweight)
]]>
              </value>
            </param>
          </params>
          <reporter-output>
          </reporter-output>
        </test-method> <!-- testMain -->
        <test-method status="PASS" signature="testMain(java.lang.String, java.lang.String)[pri:0, instance:bwi.prog1B.WS1617.w16b052_Seyer.ExerciseSheet03.tests.BMITest@1e8b406]" name="testMain" duration-ms="1" started-at="2016-10-07T15:35:31Z" description="tests the output of main compared with the awaited output" data-provider="inout" finished-at="2016-10-07T15:35:31Z">
          <params>
            <param index="0">
              <value>
                <![CDATA[50
1.59
]]>
              </value>
            </param>
            <param index="1">
              <value>
                <![CDATA[weight [kg]: height [m]: m=50.00kg h=1.59m -> BMI=-1.00 (invalid)
]]>
              </value>
            </param>
          </params>
          <reporter-output>
          </reporter-output>
        </test-method> <!-- testMain -->
        <test-method status="PASS" signature="testMain(java.lang.String, java.lang.String)[pri:0, instance:bwi.prog1B.WS1617.w16b052_Seyer.ExerciseSheet03.tests.BMITest@1e8b406]" name="testMain" duration-ms="1" started-at="2016-10-07T15:35:31Z" description="tests the output of main compared with the awaited output" data-provider="inout" finished-at="2016-10-07T15:35:31Z">
          <params>
            <param index="0">
              <value>
                <![CDATA[50
1.60
]]>
              </value>
            </param>
            <param index="1">
              <value>
                <![CDATA[weight [kg]: height [m]: m=50.00kg h=1.60m -> BMI=19.53 (Normal)
]]>
              </value>
            </param>
          </params>
          <reporter-output>
          </reporter-output>
        </test-method> <!-- testMain -->
        <test-method status="PASS" signature="testMain(java.lang.String, java.lang.String)[pri:0, instance:bwi.prog1B.WS1617.w16b052_Seyer.ExerciseSheet03.tests.BMITest@1e8b406]" name="testMain" duration-ms="2" started-at="2016-10-07T15:35:31Z" description="tests the output of main compared with the awaited output" data-provider="inout" finished-at="2016-10-07T15:35:31Z">
          <params>
            <param index="0">
              <value>
                <![CDATA[40
1.60
]]>
              </value>
            </param>
            <param index="1">
              <value>
                <![CDATA[weight [kg]: height [m]: m=40.00kg h=1.60m -> BMI=15.62 (Severely underweight)
]]>
              </value>
            </param>
          </params>
          <reporter-output>
          </reporter-output>
        </test-method> <!-- testMain -->
      </class> <!-- bwi.prog1B.WS1617.w16b052_Seyer.ExerciseSheet03.tests.BMITest -->
    </test> <!-- Default test -->
  </suite> <!-- Default suite -->
</testng-results>
