<?xml version="1.0" encoding="UTF-8"?>
<testng-results skipped="0" failed="0" total="4" passed="4">
  <reporter-output>
  </reporter-output>
  <suite name="Default suite" duration-ms="49" started-at="2016-10-10T13:23:50Z" finished-at="2016-10-10T13:23:50Z">
    <groups>
    </groups>
    <test name="Default test" duration-ms="49" started-at="2016-10-10T13:23:50Z" finished-at="2016-10-10T13:23:50Z">
      <class name="bwi.prog1B.WS1617.w16b052_Seyer.ExerciseSheet03.tests.StudentIDTest">
        <test-method status="PASS" signature="testMain(java.lang.String, java.lang.String)[pri:0, instance:bwi.prog1B.WS1617.w16b052_Seyer.ExerciseSheet03.tests.StudentIDTest@1e8b406]" name="testMain" duration-ms="14" started-at="2016-10-10T15:23:50Z" description="tests the output of main compared with the awaited output" data-provider="inout" finished-at="2016-10-10T15:23:50Z">
          <params>
            <param index="0">
              <value>
                <![CDATA[wi15b666
]]>
              </value>
            </param>
            <param index="1">
              <value>
                <![CDATA[enter studentID (wi**b***): ID valid: true
graduation in: 2018
]]>
              </value>
            </param>
          </params>
          <reporter-output>
          </reporter-output>
        </test-method> <!-- testMain -->
        <test-method status="PASS" signature="testMain(java.lang.String, java.lang.String)[pri:0, instance:bwi.prog1B.WS1617.w16b052_Seyer.ExerciseSheet03.tests.StudentIDTest@1e8b406]" name="testMain" duration-ms="1" started-at="2016-10-10T15:23:50Z" description="tests the output of main compared with the awaited output" data-provider="inout" finished-at="2016-10-10T15:23:50Z">
          <params>
            <param index="0">
              <value>
                <![CDATA[wi15B666
]]>
              </value>
            </param>
            <param index="1">
              <value>
                <![CDATA[enter studentID (wi**b***): ID valid: false
graduation in: -1
]]>
              </value>
            </param>
          </params>
          <reporter-output>
          </reporter-output>
        </test-method> <!-- testMain -->
        <test-method status="PASS" signature="testMain(java.lang.String, java.lang.String)[pri:0, instance:bwi.prog1B.WS1617.w16b052_Seyer.ExerciseSheet03.tests.StudentIDTest@1e8b406]" name="testMain" duration-ms="1" started-at="2016-10-10T15:23:50Z" description="tests the output of main compared with the awaited output" data-provider="inout" finished-at="2016-10-10T15:23:50Z">
          <params>
            <param index="0">
              <value>
                <![CDATA[wi00b001
]]>
              </value>
            </param>
            <param index="1">
              <value>
                <![CDATA[enter studentID (wi**b***): ID valid: true
graduation in: 2003
]]>
              </value>
            </param>
          </params>
          <reporter-output>
          </reporter-output>
        </test-method> <!-- testMain -->
        <test-method status="PASS" signature="testMain(java.lang.String, java.lang.String)[pri:0, instance:bwi.prog1B.WS1617.w16b052_Seyer.ExerciseSheet03.tests.StudentIDTest@1e8b406]" name="testMain" duration-ms="1" started-at="2016-10-10T15:23:50Z" description="tests the output of main compared with the awaited output" data-provider="inout" finished-at="2016-10-10T15:23:50Z">
          <params>
            <param index="0">
              <value>
                <![CDATA[wiIIb001
]]>
              </value>
            </param>
            <param index="1">
              <value>
                <![CDATA[enter studentID (wi**b***): ID valid: false
graduation in: -1
]]>
              </value>
            </param>
          </params>
          <reporter-output>
          </reporter-output>
        </test-method> <!-- testMain -->
      </class> <!-- bwi.prog1B.WS1617.w16b052_Seyer.ExerciseSheet03.tests.StudentIDTest -->
    </test> <!-- Default test -->
  </suite> <!-- Default suite -->
</testng-results>
