<?xml version="1.0" encoding="UTF-8"?>
<!-- Generated by org.testng.reporters.JUnitXMLReporter -->
<testsuite hostname="AT-VIE-HQ-L053" name="Default test" tests="4" failures="0" timestamp="10 Oct 2016 13:23:50 GMT" time="0.049" errors="0">
  <testcase name="testMain" time="0.014" classname="bwi.prog1B.WS1617.w16b052_Seyer.ExerciseSheet03.tests.StudentIDTest"/>
  <testcase name="testMain" time="0.001" classname="bwi.prog1B.WS1617.w16b052_Seyer.ExerciseSheet03.tests.StudentIDTest"/>
  <testcase name="testMain" time="0.001" classname="bwi.prog1B.WS1617.w16b052_Seyer.ExerciseSheet03.tests.StudentIDTest"/>
  <testcase name="testMain" time="0.001" classname="bwi.prog1B.WS1617.w16b052_Seyer.ExerciseSheet03.tests.StudentIDTest"/>
</testsuite> <!-- Default test -->
