<?xml version="1.0" encoding="UTF-8"?>
<!-- Generated by org.testng.reporters.JUnitXMLReporter -->
<testsuite hostname="AT-VIE-HQ-L053" name="Default test" tests="23" failures="0" timestamp="11 Oct 2016 13:15:35 GMT" time="0.11" errors="0">
  <testcase name="testMain" time="0.01" classname="bwi.prog1B.WS1617.w16b052_Seyer.ExerciseSheet03.tests.WeekdaysTest"/>
  <testcase name="testMain" time="0.0" classname="bwi.prog1B.WS1617.w16b052_Seyer.ExerciseSheet03.tests.WeekdaysTest"/>
  <testcase name="testMain" time="0.0" classname="bwi.prog1B.WS1617.w16b052_Seyer.ExerciseSheet03.tests.WeekdaysTest"/>
  <testcase name="testMain" time="0.01" classname="bwi.prog1B.WS1617.w16b052_Seyer.ExerciseSheet03.tests.WeekdaysTest"/>
  <testcase name="testMain" time="0.0" classname="bwi.prog1B.WS1617.w16b052_Seyer.ExerciseSheet03.tests.WeekdaysTest"/>
  <testcase name="testMain" time="0.0" classname="bwi.prog1B.WS1617.w16b052_Seyer.ExerciseSheet03.tests.WeekdaysTest"/>
  <testcase name="testMain" time="0.0" classname="bwi.prog1B.WS1617.w16b052_Seyer.ExerciseSheet03.tests.WeekdaysTest"/>
  <testcase name="testMain" time="0.0" classname="bwi.prog1B.WS1617.w16b052_Seyer.ExerciseSheet03.tests.WeekdaysTest"/>
  <testcase name="testMain" time="0.01" classname="bwi.prog1B.WS1617.w16b052_Seyer.ExerciseSheet03.tests.WeekdaysTest"/>
  <testcase name="testMain" time="0.0" classname="bwi.prog1B.WS1617.w16b052_Seyer.ExerciseSheet03.tests.WeekdaysTest"/>
  <testcase name="testMain" time="0.0" classname="bwi.prog1B.WS1617.w16b052_Seyer.ExerciseSheet03.tests.WeekdaysTest"/>
  <testcase name="testMain" time="0.0" classname="bwi.prog1B.WS1617.w16b052_Seyer.ExerciseSheet03.tests.WeekdaysTest"/>
  <testcase name="testMain" time="0.01" classname="bwi.prog1B.WS1617.w16b052_Seyer.ExerciseSheet03.tests.WeekdaysTest"/>
  <testcase name="testMain" time="0.0" classname="bwi.prog1B.WS1617.w16b052_Seyer.ExerciseSheet03.tests.WeekdaysTest"/>
  <testcase name="testMain" time="0.0" classname="bwi.prog1B.WS1617.w16b052_Seyer.ExerciseSheet03.tests.WeekdaysTest"/>
  <testcase name="testMain" time="0.0" classname="bwi.prog1B.WS1617.w16b052_Seyer.ExerciseSheet03.tests.WeekdaysTest"/>
  <testcase name="testMain" time="0.01" classname="bwi.prog1B.WS1617.w16b052_Seyer.ExerciseSheet03.tests.WeekdaysTest"/>
  <testcase name="testMain" time="0.0" classname="bwi.prog1B.WS1617.w16b052_Seyer.ExerciseSheet03.tests.WeekdaysTest"/>
  <testcase name="testMain" time="0.0" classname="bwi.prog1B.WS1617.w16b052_Seyer.ExerciseSheet03.tests.WeekdaysTest"/>
  <testcase name="testMain" time="0.0" classname="bwi.prog1B.WS1617.w16b052_Seyer.ExerciseSheet03.tests.WeekdaysTest"/>
  <testcase name="testMain" time="0.0" classname="bwi.prog1B.WS1617.w16b052_Seyer.ExerciseSheet03.tests.WeekdaysTest"/>
  <testcase name="testMain" time="0.0" classname="bwi.prog1B.WS1617.w16b052_Seyer.ExerciseSheet03.tests.WeekdaysTest"/>
  <testcase name="testMain" time="0.01" classname="bwi.prog1B.WS1617.w16b052_Seyer.ExerciseSheet03.tests.WeekdaysTest"/>
</testsuite> <!-- Default test -->
